<?xml version="1.0" encoding="UTF-8"?>
<!-- Generated by org.testng.reporters.JUnitReportReporter -->
<testsuite skipped="0" hostname="ajitbiswas-laptop" name="scripts.TestInvalidLogin" tests="1" failures="0" timestamp="22 Dec 2017 10:01:15 GMT" time="13.707" errors="0">
  <testcase name="testInvalidLogin" time="13.707" classname="scripts.TestInvalidLogin"/>
</testsuite> <!-- scripts.TestInvalidLogin -->
